<?xml version="1.0" encoding="UTF-8"?>
<!-- Generated by org.testng.reporters.JUnitReportReporter -->
<testsuite hostname="DESKTOP-LGO14MD" failures="0" tests="1" name="com.qa.WEBstaurant.tests.SearchTest" time="21.718" errors="0" timestamp="2024-05-07T19:35:18 EDT" skipped="0">
  <testcase classname="com.qa.WEBstaurant.tests.SearchTest" name="verifyItemSearchAndDelete" time="21.718"/>
  <system-out/>
</testsuite> <!-- com.qa.WEBstaurant.tests.SearchTest -->
